<?xml version="1.0" encoding="UTF-8"?>
<testsuite name="ExecuteTestCase" tests="1" skipped="0" failures="0" errors="0" timestamp="2020-01-29T05:26:48" hostname="SPAR-IND-00046" time="26.198">
  <properties/>
  <testcase name="runTC" classname="ExecuteTestCase" time="26.198"/>
  <system-out><![CDATA[8
Key: itcsuser
size of property file :6
Username itcsuser login pass
Key: admindevv
size of property file :6
-ve TC with Username admindevv login Fail
Key: adminder
size of property file :6
-ve TC with Username adminder login Fail
Key: adminden
size of property file :6
-ve TC with Username adminden login Fail
Key: admindef
size of property file :6
-ve TC with Username admindef login Fail
Key: Wronguser
size of property file :6
-ve TC with Username Wronguser login Fail
Key: admindev
size of property file :6
Username admindev login pass
Key:  
size of property file :6
-Ve TC with Username   login Fail
]]></system-out>
  <system-err><![CDATA[Starting ChromeDriver 79.0.3945.36 (3582db32b33893869b8c1339e8f4d9ed1816f143-refs/branch-heads/3945@{#614}) on port 17711
Only local connections are allowed.
Please protect ports used by ChromeDriver and related test frameworks to prevent access by malicious code.
Jan 29, 2020 10:56:51 AM org.openqa.selenium.remote.ProtocolHandshake createSession
INFO: Detected dialect: W3C
]]></system-err>
</testsuite>
